Using pre-set license
Built from '2020.3/staging' branch; Version is '2020.3.0f1 (c7b5465681fb) revision 13088070'; Using compiler version '192528614'; Build Type 'Release'
OS: 'Windows 10 Home; OS build 19042.867; Version 2009; 64bit' Language: 'en' Physical Memory: 8107 MB
BatchMode: 1, IsHumanControllingUs: 0, StartBugReporterOnCrash: 0, Is64bit: 1, IsPro: 0

 COMMAND LINE ARGUMENTS:
C:\Program Files\Unity\Hub\Editor\2020.3.0f1\Editor\Unity.exe
-adb2
-batchMode
-noUpm
-name
AssetImportWorker0
-projectPath
C:/Users/big_b/Desktop/Reposotories/RolyPoly/RolyPoly
-logFile
Logs/AssetImportWorker0.log
-srvPort
61324
Successfully changed project path to: C:/Users/big_b/Desktop/Reposotories/RolyPoly/RolyPoly
C:/Users/big_b/Desktop/Reposotories/RolyPoly/RolyPoly
Using Asset Import Pipeline V2.
Refreshing native plugins compatible for Editor in 35.40 ms, found 1 plugins.
Preloading 0 native plugins for Editor in 0.00 ms.
Initialize engine version: 2020.3.0f1 (c7b5465681fb)
[Subsystems] Discovering subsystems at path C:/Program Files/Unity/Hub/Editor/2020.3.0f1/Editor/Data/Resources/UnitySubsystems
[Subsystems] Discovering subsystems at path C:/Users/big_b/Desktop/Reposotories/RolyPoly/RolyPoly/Assets
GfxDevice: creating device client; threaded=0
Direct3D:
    Version:  Direct3D 11.0 [level 11.0]
    Renderer: NVIDIA GeForce GTX 950M (ID=0x139a)
    Vendor:   
    VRAM:     2010 MB
    Driver:   26.21.14.4187
Initialize mono
Mono path[0] = 'C:/Program Files/Unity/Hub/Editor/2020.3.0f1/Editor/Data/Managed'
Mono path[1] = 'C:/Program Files/Unity/Hub/Editor/2020.3.0f1/Editor/Data/MonoBleedingEdge/lib/mono/unityjit'
Mono config path = 'C:/Program Files/Unity/Hub/Editor/2020.3.0f1/Editor/Data/MonoBleedingEdge/etc'
Using monoOptions --debugger-agent=transport=dt_socket,embedding=1,server=y,suspend=n,address=127.0.0.1:56332
Begin MonoManager ReloadAssembly
Registering precompiled unity dll's ...
Register platform support module: C:/Program Files/Unity/Hub/Editor/2020.3.0f1/Editor/Data/PlaybackEngines/WebGLSupport/UnityEditor.WebGL.Extensions.dll
Register platform support module: C:/Program Files/Unity/Hub/Editor/2020.3.0f1/Editor/Data/PlaybackEngines/WindowsStandaloneSupport/UnityEditor.WindowsStandalone.Extensions.dll
Registered in 0.002341 seconds.
Native extension for WindowsStandalone target not found
Native extension for WebGL target not found
Refreshing native plugins compatible for Editor in 41.82 ms, found 1 plugins.
Preloading 0 native plugins for Editor in 0.00 ms.
Invoked RoslynAnalysisRunner static constructor.
RoslynAnalysisRunner will not be running.
RoslynAnalysisRunner has terminated.
Mono: successfully reloaded assembly
- Completed reload, in  1.977 seconds
Platform modules already initialized, skipping
Registering precompiled user dll's ...
Registered in 0.001063 seconds.
Begin MonoManager ReloadAssembly
Native extension for WindowsStandalone target not found
Native extension for WebGL target not found
Refreshing native plugins compatible for Editor in 41.40 ms, found 1 plugins.
Preloading 0 native plugins for Editor in 0.00 ms.
Invoked RoslynAnalysisRunner static constructor.
RoslynAnalysisRunner will not be running.
RoslynAnalysisRunner has terminated.
Mono: successfully reloaded assembly
- Completed reload, in  1.036 seconds
Platform modules already initialized, skipping
========================================================================
Worker process is ready to serve import requests
Launched and connected shader compiler UnityShaderCompiler.exe after 0.04 seconds
Refreshing native plugins compatible for Editor in 0.47 ms, found 1 plugins.
Preloading 0 native plugins for Editor in 0.00 ms.
Unloading 1806 Unused Serialized files (Serialized files now loaded: 0)
System memory in use before: 84.5 MB.
System memory in use after: 84.5 MB.

Unloading 24 unused Assets to reduce memory usage. Loaded Objects now: 2248.
Total: 4.017900 ms (FindLiveObjects: 0.743500 ms CreateObjectMapping: 0.214900 ms MarkObjects: 2.888100 ms  DeleteObjects: 0.167900 ms)

========================================================================
Received Import Request.
  path: Assets/Tiles/Ground.prefab
  artifactKey: Guid(a9f66a06d35789e40801fe966a08c683) Importer(815301076,1909f56bfc062723c751e8b465ee728b)
Start importing Assets/Tiles/Ground.prefab using Guid(a9f66a06d35789e40801fe966a08c683) Importer(815301076,1909f56bfc062723c751e8b465ee728b)  -> (artifact id: '60872a51fb81daa5c324482be67dfb4e') in 0.061303 seconds
  Import took 0.064629 seconds .

========================================================================
Received Import Request.
  Time since last request: 16.917509 seconds.
  path: Assets/Sprites/concaveCorner.asset
  artifactKey: Guid(a38d4d8ffa166934b8fb701b8128033a) Importer(815301076,1909f56bfc062723c751e8b465ee728b)
Start importing Assets/Sprites/concaveCorner.asset using Guid(a38d4d8ffa166934b8fb701b8128033a) Importer(815301076,1909f56bfc062723c751e8b465ee728b)  -> (artifact id: '1b1143f9f78d6f597e27a2fdd7bcc2d2') in 0.169614 seconds
  Import took 0.173339 seconds .

========================================================================
Received Import Request.
  Time since last request: 6.366365 seconds.
  path: Assets/Sprites/convexCorner.asset
  artifactKey: Guid(ef2c36d3ea629264a80a2e1f84131cfa) Importer(815301076,1909f56bfc062723c751e8b465ee728b)
Start importing Assets/Sprites/convexCorner.asset using Guid(ef2c36d3ea629264a80a2e1f84131cfa) Importer(815301076,1909f56bfc062723c751e8b465ee728b)  -> (artifact id: 'ce8cba959e6f8bde47f2eb7f6bd585dc') in 0.024642 seconds
  Import took 0.028140 seconds .

========================================================================
Received Import Request.
  Time since last request: 5.936837 seconds.
  path: Assets/Sprites/wall.asset
  artifactKey: Guid(984661505b9acee4f8ebac5b93dda52a) Importer(815301076,1909f56bfc062723c751e8b465ee728b)
Start importing Assets/Sprites/wall.asset using Guid(984661505b9acee4f8ebac5b93dda52a) Importer(815301076,1909f56bfc062723c751e8b465ee728b)  -> (artifact id: 'd3554dc19e053662e5e7b626d89c0af8') in 0.020271 seconds
  Import took 0.024225 seconds .

========================================================================
Received Prepare
Registering precompiled user dll's ...
Registered in 0.000973 seconds.
Begin MonoManager ReloadAssembly
Native extension for WindowsStandalone target not found
Native extension for WebGL target not found
Refreshing native plugins compatible for Editor in 0.34 ms, found 1 plugins.
Preloading 0 native plugins for Editor in 0.00 ms.
Invoked RoslynAnalysisRunner static constructor.
RoslynAnalysisRunner will not be running.
RoslynAnalysisRunner has terminated.
Mono: successfully reloaded assembly
- Completed reload, in  0.966 seconds
Platform modules already initialized, skipping
Refreshing native plugins compatible for Editor in 0.46 ms, found 1 plugins.
Preloading 0 native plugins for Editor in 0.00 ms.
Unloading 1801 Unused Serialized files (Serialized files now loaded: 0)
System memory in use before: 87.6 MB.
System memory in use after: 87.6 MB.

Unloading 12 unused Assets to reduce memory usage. Loaded Objects now: 2256.
Total: 2.729800 ms (FindLiveObjects: 0.328000 ms CreateObjectMapping: 0.132300 ms MarkObjects: 2.155400 ms  DeleteObjects: 0.112700 ms)

========================================================================
Received Import Request.
  Time since last request: 2602.396615 seconds.
  path: Assets/Tiles/ground.asset
  artifactKey: Guid(4ad3ba9af5b010048a015ea3144d46aa) Importer(815301076,1909f56bfc062723c751e8b465ee728b)
Start importing Assets/Tiles/ground.asset using Guid(4ad3ba9af5b010048a015ea3144d46aa) Importer(815301076,1909f56bfc062723c751e8b465ee728b)  -> (artifact id: '936421e3aa166ef7b6fdf122a5d22b2f') in 0.055138 seconds
  Import took 0.075566 seconds .

========================================================================
Received Import Request.
  Time since last request: 0.000223 seconds.
  path: Assets/Tiles/Ground.prefab
  artifactKey: Guid(a9f66a06d35789e40801fe966a08c683) Importer(815301076,1909f56bfc062723c751e8b465ee728b)
Start importing Assets/Tiles/Ground.prefab using Guid(a9f66a06d35789e40801fe966a08c683) Importer(815301076,1909f56bfc062723c751e8b465ee728b)  -> (artifact id: '049dba4672125e23b1563221c867d601') in 0.015129 seconds
  Import took 0.024384 seconds .

========================================================================
Received Import Request.
  Time since last request: 30.058863 seconds.
  path: Assets/Sprites/groudDown.png
  artifactKey: Guid(266ee5cf75776524eb2d72f63a152236) Importer(815301076,1909f56bfc062723c751e8b465ee728b)
Start importing Assets/Sprites/groudDown.png using Guid(266ee5cf75776524eb2d72f63a152236) Importer(815301076,1909f56bfc062723c751e8b465ee728b)  -> (artifact id: 'a58e62421550328e59accc511fe3d1c5') in 0.168260 seconds
  Import took 0.171734 seconds .

========================================================================
Received Import Request.
  Time since last request: 0.000196 seconds.
  path: Assets/Sprites/groundLeft.png
  artifactKey: Guid(e1740106b11d0a142bfb6d346453bf5c) Importer(815301076,1909f56bfc062723c751e8b465ee728b)
Start importing Assets/Sprites/groundLeft.png using Guid(e1740106b11d0a142bfb6d346453bf5c) Importer(815301076,1909f56bfc062723c751e8b465ee728b)  -> (artifact id: '1ff6b8e07e7abd5ac01a36c189fcd8a7') in 0.016787 seconds
  Import took 0.019759 seconds .

========================================================================
Received Import Request.
  Time since last request: 0.000237 seconds.
  path: Assets/Sprites/groundRight.png
  artifactKey: Guid(dae7a836da1be8147b3b5a0e288ca8b0) Importer(815301076,1909f56bfc062723c751e8b465ee728b)
Start importing Assets/Sprites/groundRight.png using Guid(dae7a836da1be8147b3b5a0e288ca8b0) Importer(815301076,1909f56bfc062723c751e8b465ee728b)  -> (artifact id: '8b270112d185a3c88f00a2268f0cf39d') in 0.017187 seconds
  Import took 0.033485 seconds .

========================================================================
Received Import Request.
  Time since last request: 0.000219 seconds.
  path: Assets/Sprites/groundUp.png
  artifactKey: Guid(43359112814635b4fbb8cf0c374c2148) Importer(815301076,1909f56bfc062723c751e8b465ee728b)
Start importing Assets/Sprites/groundUp.png using Guid(43359112814635b4fbb8cf0c374c2148) Importer(815301076,1909f56bfc062723c751e8b465ee728b)  -> (artifact id: '8d3bce2fb2f539a0282b777abed4f7b3') in 0.025354 seconds
  Import took 0.030108 seconds .

========================================================================
Received Import Request.
  Time since last request: 0.009456 seconds.
  path: Assets/Sprites/groundUp.png
  artifactKey: Guid(43359112814635b4fbb8cf0c374c2148) Importer(815301076,1909f56bfc062723c751e8b465ee728b)
Start importing Assets/Sprites/groundUp.png using Guid(43359112814635b4fbb8cf0c374c2148) Importer(815301076,1909f56bfc062723c751e8b465ee728b)  -> (artifact id: '8d3bce2fb2f539a0282b777abed4f7b3') in 0.010519 seconds
  Import took 0.014204 seconds .

========================================================================
Received Import Request.
  Time since last request: 20.919053 seconds.
  path: Assets/Sprites/groudDown.png
  artifactKey: Guid(266ee5cf75776524eb2d72f63a152236) Importer(815301076,1909f56bfc062723c751e8b465ee728b)
Start importing Assets/Sprites/groudDown.png using Guid(266ee5cf75776524eb2d72f63a152236) Importer(815301076,1909f56bfc062723c751e8b465ee728b)  -> (artifact id: 'c694f52dc7ff70744eb5676dc73a537a') in 0.017429 seconds
  Import took 0.031707 seconds .

========================================================================
Received Import Request.
  Time since last request: 0.000324 seconds.
  path: Assets/Sprites/groundLeft.png
  artifactKey: Guid(e1740106b11d0a142bfb6d346453bf5c) Importer(815301076,1909f56bfc062723c751e8b465ee728b)
Start importing Assets/Sprites/groundLeft.png using Guid(e1740106b11d0a142bfb6d346453bf5c) Importer(815301076,1909f56bfc062723c751e8b465ee728b)  -> (artifact id: 'a74aeea9526c6524df7da0604a3d3b4c') in 0.026684 seconds
  Import took 0.031248 seconds .

========================================================================
Received Import Request.
  Time since last request: 0.000240 seconds.
  path: Assets/Sprites/groundRight.png
  artifactKey: Guid(dae7a836da1be8147b3b5a0e288ca8b0) Importer(815301076,1909f56bfc062723c751e8b465ee728b)
Start importing Assets/Sprites/groundRight.png using Guid(dae7a836da1be8147b3b5a0e288ca8b0) Importer(815301076,1909f56bfc062723c751e8b465ee728b)  -> (artifact id: '52871e74551207bba537b85570f3e4ac') in 0.016227 seconds
  Import took 0.029903 seconds .

========================================================================
Received Import Request.
  Time since last request: 0.000293 seconds.
  path: Assets/Sprites/groundUp.png
  artifactKey: Guid(43359112814635b4fbb8cf0c374c2148) Importer(815301076,1909f56bfc062723c751e8b465ee728b)
Start importing Assets/Sprites/groundUp.png using Guid(43359112814635b4fbb8cf0c374c2148) Importer(815301076,1909f56bfc062723c751e8b465ee728b)  -> (artifact id: '7ba19810e4fcf1c4fba5241eb638d45e') in 0.020775 seconds
  Import took 0.024495 seconds .

========================================================================
Received Import Request.
  Time since last request: 26.246502 seconds.
  path: Assets/Sprites/groundUp.asset
  artifactKey: Guid(18a75263216cc09429b94387075c5918) Importer(815301076,1909f56bfc062723c751e8b465ee728b)
Start importing Assets/Sprites/groundUp.asset using Guid(18a75263216cc09429b94387075c5918) Importer(815301076,1909f56bfc062723c751e8b465ee728b)  -> (artifact id: '336160125fb117c7613d488218a28bcf') in 0.013114 seconds
  Import took 0.019929 seconds .

========================================================================
Received Import Request.
  Time since last request: 6.972028 seconds.
  path: Assets/Sprites/groundRight.asset
  artifactKey: Guid(c208b89069091c343af90bf91c817e69) Importer(815301076,1909f56bfc062723c751e8b465ee728b)
Start importing Assets/Sprites/groundRight.asset using Guid(c208b89069091c343af90bf91c817e69) Importer(815301076,1909f56bfc062723c751e8b465ee728b)  -> (artifact id: 'eb0021256ade378e6b568d83ee63f464') in 0.014069 seconds
  Import took 0.017986 seconds .

========================================================================
Received Import Request.
  Time since last request: 3.075641 seconds.
  path: Assets/Sprites/groundLeft.asset
  artifactKey: Guid(87e1ee79435cd214db2cac1c81b86540) Importer(815301076,1909f56bfc062723c751e8b465ee728b)
Start importing Assets/Sprites/groundLeft.asset using Guid(87e1ee79435cd214db2cac1c81b86540) Importer(815301076,1909f56bfc062723c751e8b465ee728b)  -> (artifact id: 'fe40e4ebe498abf80ff4fa8899c6097f') in 0.014896 seconds
  Import took 0.018948 seconds .

========================================================================
Received Import Request.
  Time since last request: 3.626526 seconds.
  path: Assets/Sprites/groudDown.asset
  artifactKey: Guid(7059b4c49034ea3469e7992d2b50f01b) Importer(815301076,1909f56bfc062723c751e8b465ee728b)
Start importing Assets/Sprites/groudDown.asset using Guid(7059b4c49034ea3469e7992d2b50f01b) Importer(815301076,1909f56bfc062723c751e8b465ee728b)  -> (artifact id: 'c04872f85e85f0893b540ef90d00ee6f') in 0.012225 seconds
  Import took 0.017609 seconds .

========================================================================
Received Import Request.
  Time since last request: 223.592075 seconds.
  path: Assets/Sprites/background.png
  artifactKey: Guid(74c64599de13dc646b59828889270e29) Importer(815301076,1909f56bfc062723c751e8b465ee728b)
Start importing Assets/Sprites/background.png using Guid(74c64599de13dc646b59828889270e29) Importer(815301076,1909f56bfc062723c751e8b465ee728b)  -> (artifact id: 'a2861110479f4d1d194097df62523016') in 0.030316 seconds
  Import took 0.034427 seconds .

========================================================================
Received Import Request.
  Time since last request: 23.340969 seconds.
  path: Assets/Sprites/background.png
  artifactKey: Guid(74c64599de13dc646b59828889270e29) Importer(815301076,1909f56bfc062723c751e8b465ee728b)
Start importing Assets/Sprites/background.png using Guid(74c64599de13dc646b59828889270e29) Importer(815301076,1909f56bfc062723c751e8b465ee728b)  -> (artifact id: '8f4240c0f8c87358c8bce05268fa397f') in 0.013269 seconds
  Import took 0.016629 seconds .

========================================================================
Received Import Request.
  Time since last request: 4.853651 seconds.
  path: Assets/Sprites/background.png
  artifactKey: Guid(74c64599de13dc646b59828889270e29) Importer(815301076,1909f56bfc062723c751e8b465ee728b)
Start importing Assets/Sprites/background.png using Guid(74c64599de13dc646b59828889270e29) Importer(815301076,1909f56bfc062723c751e8b465ee728b)  -> (artifact id: 'd2702aba2b824ffc8574084310f482e5') in 0.013133 seconds
  Import took 0.016463 seconds .

========================================================================
Received Import Request.
  Time since last request: 3.822661 seconds.
  path: Assets/Sprites/background.png
  artifactKey: Guid(74c64599de13dc646b59828889270e29) Importer(815301076,1909f56bfc062723c751e8b465ee728b)
Start importing Assets/Sprites/background.png using Guid(74c64599de13dc646b59828889270e29) Importer(815301076,1909f56bfc062723c751e8b465ee728b)  -> (artifact id: 'a64998a9027e97944ce0a273ba908200') in 0.011531 seconds
  Import took 0.015205 seconds .

========================================================================
Received Import Request.
  Time since last request: 6.807597 seconds.
  path: Assets/Sprites/background.png
  artifactKey: Guid(74c64599de13dc646b59828889270e29) Importer(815301076,1909f56bfc062723c751e8b465ee728b)
Start importing Assets/Sprites/background.png using Guid(74c64599de13dc646b59828889270e29) Importer(815301076,1909f56bfc062723c751e8b465ee728b)  -> (artifact id: 'f1f3e505ae9d23dc7cc60160b66354d5') in 0.012706 seconds
  Import took 0.016000 seconds .

========================================================================
Received Import Request.
  Time since last request: 3714.741327 seconds.
  path: Assets/Tiles/Ground.prefab
  artifactKey: Guid(a9f66a06d35789e40801fe966a08c683) Importer(815301076,1909f56bfc062723c751e8b465ee728b)
Start importing Assets/Tiles/Ground.prefab using Guid(a9f66a06d35789e40801fe966a08c683) Importer(815301076,1909f56bfc062723c751e8b465ee728b)  -> (artifact id: '7acc4f137ebd196694da81cb5e2672e1') in 0.008260 seconds
  Import took 0.016877 seconds .

========================================================================
Received Import Request.
  Time since last request: 513.760185 seconds.
  path: Assets
  artifactKey: Guid(00000000000000001000000000000000) Importer(815301076,1909f56bfc062723c751e8b465ee728b)
Start importing Assets using Guid(00000000000000001000000000000000) Importer(815301076,1909f56bfc062723c751e8b465ee728b)  -> (artifact id: '42baae205c97e3337697759514652acd') in 0.010656 seconds
  Import took 0.016758 seconds .

========================================================================
Received Prepare
Registering precompiled user dll's ...
Registered in 0.001097 seconds.
Begin MonoManager ReloadAssembly
Native extension for WindowsStandalone target not found
Native extension for WebGL target not found
Refreshing native plugins compatible for Editor in 0.41 ms, found 1 plugins.
Preloading 0 native plugins for Editor in 0.00 ms.
Invoked RoslynAnalysisRunner static constructor.
RoslynAnalysisRunner will not be running.
RoslynAnalysisRunner has terminated.
Mono: successfully reloaded assembly
- Completed reload, in  1.035 seconds
Platform modules already initialized, skipping
Refreshing native plugins compatible for Editor in 0.43 ms, found 1 plugins.
Preloading 0 native plugins for Editor in 0.00 ms.
Unloading 1801 Unused Serialized files (Serialized files now loaded: 0)
System memory in use before: 87.7 MB.
System memory in use after: 87.7 MB.

Unloading 12 unused Assets to reduce memory usage. Loaded Objects now: 2267.
Total: 3.159000 ms (FindLiveObjects: 0.289000 ms CreateObjectMapping: 0.072600 ms MarkObjects: 2.662900 ms  DeleteObjects: 0.133000 ms)

========================================================================
Received Import Request.
  Time since last request: 7.212807 seconds.
  path: Assets/Scripts
  artifactKey: Guid(d7b40bf9a1e4fb844b2ef7d842fc02ab) Importer(815301076,1909f56bfc062723c751e8b465ee728b)
Start importing Assets/Scripts using Guid(d7b40bf9a1e4fb844b2ef7d842fc02ab) Importer(815301076,1909f56bfc062723c751e8b465ee728b)  -> (artifact id: 'a054766a749f0396b6ce2969d1ee85d4') in 0.012693 seconds
  Import took 0.016491 seconds .

========================================================================
Received Import Request.
  Time since last request: 7.759819 seconds.
  path: Assets/Scripts/BugController.cs
  artifactKey: Guid(b541940525961f54cbe2e04a407d0034) Importer(815301076,1909f56bfc062723c751e8b465ee728b)
Start importing Assets/Scripts/BugController.cs using Guid(b541940525961f54cbe2e04a407d0034) Importer(815301076,1909f56bfc062723c751e8b465ee728b)  -> (artifact id: '679c379ed1307be37b5e794950782664') in 0.121205 seconds
  Import took 0.125259 seconds .

========================================================================
Received Prepare
Registering precompiled user dll's ...
Registered in 0.004431 seconds.
Begin MonoManager ReloadAssembly
Native extension for WindowsStandalone target not found
Native extension for WebGL target not found
Refreshing native plugins compatible for Editor in 0.64 ms, found 1 plugins.
Preloading 0 native plugins for Editor in 0.00 ms.
Invoked RoslynAnalysisRunner static constructor.
RoslynAnalysisRunner will not be running.
RoslynAnalysisRunner has terminated.
Mono: successfully reloaded assembly
- Completed reload, in  2.059 seconds
Platform modules already initialized, skipping
Refreshing native plugins compatible for Editor in 0.44 ms, found 1 plugins.
Preloading 0 native plugins for Editor in 0.00 ms.
Unloading 1802 Unused Serialized files (Serialized files now loaded: 0)
System memory in use before: 87.7 MB.
System memory in use after: 87.7 MB.

Unloading 12 unused Assets to reduce memory usage. Loaded Objects now: 2272.
Total: 2.387500 ms (FindLiveObjects: 0.210800 ms CreateObjectMapping: 0.072000 ms MarkObjects: 1.978700 ms  DeleteObjects: 0.124300 ms)

========================================================================
Received Prepare
Registering precompiled user dll's ...
Registered in 0.015233 seconds.
Begin MonoManager ReloadAssembly
Native extension for WindowsStandalone target not found
Native extension for WebGL target not found
Refreshing native plugins compatible for Editor in 0.43 ms, found 1 plugins.
Preloading 0 native plugins for Editor in 0.00 ms.
Invoked RoslynAnalysisRunner static constructor.
RoslynAnalysisRunner will not be running.
RoslynAnalysisRunner has terminated.
Mono: successfully reloaded assembly
- Completed reload, in  0.953 seconds
Platform modules already initialized, skipping
Refreshing native plugins compatible for Editor in 0.41 ms, found 1 plugins.
Preloading 0 native plugins for Editor in 0.00 ms.
Unloading 1802 Unused Serialized files (Serialized files now loaded: 0)
System memory in use before: 87.7 MB.
System memory in use after: 87.7 MB.

Unloading 12 unused Assets to reduce memory usage. Loaded Objects now: 2276.
Total: 3.142200 ms (FindLiveObjects: 0.447100 ms CreateObjectMapping: 0.199900 ms MarkObjects: 2.371100 ms  DeleteObjects: 0.122500 ms)

========================================================================
Received Prepare
Registering precompiled user dll's ...
Registered in 0.001277 seconds.
Begin MonoManager ReloadAssembly
Native extension for WindowsStandalone target not found
Native extension for WebGL target not found
Refreshing native plugins compatible for Editor in 0.44 ms, found 1 plugins.
Preloading 0 native plugins for Editor in 0.00 ms.
Invoked RoslynAnalysisRunner static constructor.
RoslynAnalysisRunner will not be running.
RoslynAnalysisRunner has terminated.
Mono: successfully reloaded assembly
- Completed reload, in  1.468 seconds
Platform modules already initialized, skipping
Refreshing native plugins compatible for Editor in 0.99 ms, found 1 plugins.
Preloading 0 native plugins for Editor in 0.00 ms.
Unloading 1802 Unused Serialized files (Serialized files now loaded: 0)
System memory in use before: 87.8 MB.
System memory in use after: 87.8 MB.

Unloading 12 unused Assets to reduce memory usage. Loaded Objects now: 2280.
Total: 9.303900 ms (FindLiveObjects: 0.769300 ms CreateObjectMapping: 0.435300 ms MarkObjects: 7.942100 ms  DeleteObjects: 0.154400 ms)

========================================================================
Received Prepare
Registering precompiled user dll's ...
Registered in 0.001202 seconds.
Begin MonoManager ReloadAssembly
Native extension for WindowsStandalone target not found
Native extension for WebGL target not found
Refreshing native plugins compatible for Editor in 0.38 ms, found 1 plugins.
Preloading 0 native plugins for Editor in 0.00 ms.
Invoked RoslynAnalysisRunner static constructor.
RoslynAnalysisRunner will not be running.
RoslynAnalysisRunner has terminated.
Mono: successfully reloaded assembly
- Completed reload, in  0.935 seconds
Platform modules already initialized, skipping
Refreshing native plugins compatible for Editor in 0.41 ms, found 1 plugins.
Preloading 0 native plugins for Editor in 0.00 ms.
Unloading 1802 Unused Serialized files (Serialized files now loaded: 0)
System memory in use before: 87.8 MB.
System memory in use after: 87.8 MB.

Unloading 12 unused Assets to reduce memory usage. Loaded Objects now: 2284.
Total: 2.619200 ms (FindLiveObjects: 0.290100 ms CreateObjectMapping: 0.128500 ms MarkObjects: 2.072900 ms  DeleteObjects: 0.126400 ms)

========================================================================
Received Prepare
Registering precompiled user dll's ...
Registered in 0.001159 seconds.
Begin MonoManager ReloadAssembly
Native extension for WindowsStandalone target not found
Native extension for WebGL target not found
Refreshing native plugins compatible for Editor in 0.39 ms, found 1 plugins.
Preloading 0 native plugins for Editor in 0.00 ms.
Invoked RoslynAnalysisRunner static constructor.
RoslynAnalysisRunner will not be running.
RoslynAnalysisRunner has terminated.
Mono: successfully reloaded assembly
- Completed reload, in  0.944 seconds
Platform modules already initialized, skipping
Refreshing native plugins compatible for Editor in 0.42 ms, found 1 plugins.
Preloading 0 native plugins for Editor in 0.00 ms.
Unloading 1802 Unused Serialized files (Serialized files now loaded: 0)
System memory in use before: 87.8 MB.
System memory in use after: 87.8 MB.

Unloading 12 unused Assets to reduce memory usage. Loaded Objects now: 2288.
Total: 3.342700 ms (FindLiveObjects: 0.448900 ms CreateObjectMapping: 0.180100 ms MarkObjects: 2.583300 ms  DeleteObjects: 0.128100 ms)

========================================================================
Received Prepare
Registering precompiled user dll's ...
Registered in 0.001595 seconds.
Begin MonoManager ReloadAssembly
Native extension for WindowsStandalone target not found
Native extension for WebGL target not found
Refreshing native plugins compatible for Editor in 0.41 ms, found 1 plugins.
Preloading 0 native plugins for Editor in 0.00 ms.
Invoked RoslynAnalysisRunner static constructor.
RoslynAnalysisRunner will not be running.
RoslynAnalysisRunner has terminated.
Mono: successfully reloaded assembly
- Completed reload, in  0.986 seconds
Platform modules already initialized, skipping
Refreshing native plugins compatible for Editor in 0.40 ms, found 1 plugins.
Preloading 0 native plugins for Editor in 0.00 ms.
Unloading 1802 Unused Serialized files (Serialized files now loaded: 0)
System memory in use before: 87.8 MB.
System memory in use after: 87.8 MB.

Unloading 12 unused Assets to reduce memory usage. Loaded Objects now: 2292.
Total: 2.879500 ms (FindLiveObjects: 0.447200 ms CreateObjectMapping: 0.123600 ms MarkObjects: 2.170300 ms  DeleteObjects: 0.136600 ms)

========================================================================
Received Prepare
Registering precompiled user dll's ...
Registered in 0.001409 seconds.
Begin MonoManager ReloadAssembly
Native extension for WindowsStandalone target not found
Native extension for WebGL target not found
Refreshing native plugins compatible for Editor in 0.37 ms, found 1 plugins.
Preloading 0 native plugins for Editor in 0.00 ms.
Invoked RoslynAnalysisRunner static constructor.
RoslynAnalysisRunner will not be running.
RoslynAnalysisRunner has terminated.
Mono: successfully reloaded assembly
- Completed reload, in  1.457 seconds
Platform modules already initialized, skipping
Refreshing native plugins compatible for Editor in 0.42 ms, found 1 plugins.
Preloading 0 native plugins for Editor in 0.00 ms.
Unloading 1802 Unused Serialized files (Serialized files now loaded: 0)
System memory in use before: 87.8 MB.
System memory in use after: 87.8 MB.

Unloading 12 unused Assets to reduce memory usage. Loaded Objects now: 2296.
Total: 2.577200 ms (FindLiveObjects: 0.347900 ms CreateObjectMapping: 0.092300 ms MarkObjects: 2.013000 ms  DeleteObjects: 0.122600 ms)

========================================================================
Received Prepare
Registering precompiled user dll's ...
Registered in 0.001070 seconds.
Begin MonoManager ReloadAssembly
Native extension for WindowsStandalone target not found
Native extension for WebGL target not found
Refreshing native plugins compatible for Editor in 0.57 ms, found 1 plugins.
Preloading 0 native plugins for Editor in 0.00 ms.
Invoked RoslynAnalysisRunner static constructor.
RoslynAnalysisRunner will not be running.
RoslynAnalysisRunner has terminated.
Mono: successfully reloaded assembly
- Completed reload, in  1.055 seconds
Platform modules already initialized, skipping
Refreshing native plugins compatible for Editor in 0.38 ms, found 1 plugins.
Preloading 0 native plugins for Editor in 0.00 ms.
Unloading 1802 Unused Serialized files (Serialized files now loaded: 0)
System memory in use before: 87.8 MB.
System memory in use after: 87.8 MB.

Unloading 12 unused Assets to reduce memory usage. Loaded Objects now: 2300.
Total: 2.712500 ms (FindLiveObjects: 0.309200 ms CreateObjectMapping: 0.142700 ms MarkObjects: 2.123700 ms  DeleteObjects: 0.133100 ms)

========================================================================
Received Prepare
Registering precompiled user dll's ...
Registered in 0.001203 seconds.
Begin MonoManager ReloadAssembly
Native extension for WindowsStandalone target not found
Native extension for WebGL target not found
Refreshing native plugins compatible for Editor in 0.91 ms, found 1 plugins.
Preloading 0 native plugins for Editor in 0.00 ms.
Invoked RoslynAnalysisRunner static constructor.
RoslynAnalysisRunner will not be running.
RoslynAnalysisRunner has terminated.
Mono: successfully reloaded assembly
- Completed reload, in  0.951 seconds
Platform modules already initialized, skipping
Refreshing native plugins compatible for Editor in 0.39 ms, found 1 plugins.
Preloading 0 native plugins for Editor in 0.00 ms.
Unloading 1802 Unused Serialized files (Serialized files now loaded: 0)
System memory in use before: 87.8 MB.
System memory in use after: 87.8 MB.

Unloading 12 unused Assets to reduce memory usage. Loaded Objects now: 2304.
Total: 2.812800 ms (FindLiveObjects: 0.413100 ms CreateObjectMapping: 0.143100 ms MarkObjects: 2.060400 ms  DeleteObjects: 0.193200 ms)

========================================================================
Received Prepare
Registering precompiled user dll's ...
Registered in 0.001108 seconds.
Begin MonoManager ReloadAssembly
Native extension for WindowsStandalone target not found
Native extension for WebGL target not found
Refreshing native plugins compatible for Editor in 0.39 ms, found 1 plugins.
Preloading 0 native plugins for Editor in 0.00 ms.
Invoked RoslynAnalysisRunner static constructor.
RoslynAnalysisRunner will not be running.
RoslynAnalysisRunner has terminated.
Mono: successfully reloaded assembly
- Completed reload, in  0.974 seconds
Platform modules already initialized, skipping
Refreshing native plugins compatible for Editor in 0.37 ms, found 1 plugins.
Preloading 0 native plugins for Editor in 0.00 ms.
Unloading 1802 Unused Serialized files (Serialized files now loaded: 0)
System memory in use before: 87.8 MB.
System memory in use after: 87.8 MB.

Unloading 12 unused Assets to reduce memory usage. Loaded Objects now: 2308.
Total: 2.348800 ms (FindLiveObjects: 0.241500 ms CreateObjectMapping: 0.123100 ms MarkObjects: 1.852900 ms  DeleteObjects: 0.130000 ms)

========================================================================
Received Prepare
Registering precompiled user dll's ...
Registered in 0.001086 seconds.
Begin MonoManager ReloadAssembly
Native extension for WindowsStandalone target not found
Native extension for WebGL target not found
Refreshing native plugins compatible for Editor in 0.37 ms, found 1 plugins.
Preloading 0 native plugins for Editor in 0.00 ms.
Invoked RoslynAnalysisRunner static constructor.
RoslynAnalysisRunner will not be running.
RoslynAnalysisRunner has terminated.
Mono: successfully reloaded assembly
- Completed reload, in  0.952 seconds
Platform modules already initialized, skipping
Refreshing native plugins compatible for Editor in 0.41 ms, found 1 plugins.
Preloading 0 native plugins for Editor in 0.00 ms.
Unloading 1802 Unused Serialized files (Serialized files now loaded: 0)
System memory in use before: 87.8 MB.
System memory in use after: 87.8 MB.

Unloading 12 unused Assets to reduce memory usage. Loaded Objects now: 2312.
Total: 2.509100 ms (FindLiveObjects: 0.342200 ms CreateObjectMapping: 0.142100 ms MarkObjects: 1.904600 ms  DeleteObjects: 0.118300 ms)

========================================================================
Received Prepare
Registering precompiled user dll's ...
Registered in 0.001099 seconds.
Begin MonoManager ReloadAssembly
Native extension for WindowsStandalone target not found
Native extension for WebGL target not found
Refreshing native plugins compatible for Editor in 0.38 ms, found 1 plugins.
Preloading 0 native plugins for Editor in 0.00 ms.
Invoked RoslynAnalysisRunner static constructor.
RoslynAnalysisRunner will not be running.
RoslynAnalysisRunner has terminated.
Mono: successfully reloaded assembly
- Completed reload, in  0.980 seconds
Platform modules already initialized, skipping
Refreshing native plugins compatible for Editor in 0.37 ms, found 1 plugins.
Preloading 0 native plugins for Editor in 0.00 ms.
Unloading 1802 Unused Serialized files (Serialized files now loaded: 0)
System memory in use before: 87.9 MB.
System memory in use after: 87.8 MB.

Unloading 12 unused Assets to reduce memory usage. Loaded Objects now: 2316.
Total: 3.286800 ms (FindLiveObjects: 0.509300 ms CreateObjectMapping: 0.248700 ms MarkObjects: 2.383800 ms  DeleteObjects: 0.142500 ms)

========================================================================
Received Prepare
Registering precompiled user dll's ...
Registered in 0.001098 seconds.
Begin MonoManager ReloadAssembly
Native extension for WindowsStandalone target not found
Native extension for WebGL target not found
Refreshing native plugins compatible for Editor in 0.42 ms, found 1 plugins.
Preloading 0 native plugins for Editor in 0.00 ms.
Invoked RoslynAnalysisRunner static constructor.
RoslynAnalysisRunner will not be running.
RoslynAnalysisRunner has terminated.
Mono: successfully reloaded assembly
- Completed reload, in  1.022 seconds
Platform modules already initialized, skipping
Refreshing native plugins compatible for Editor in 0.43 ms, found 1 plugins.
Preloading 0 native plugins for Editor in 0.00 ms.
Unloading 1802 Unused Serialized files (Serialized files now loaded: 0)
System memory in use before: 87.9 MB.
System memory in use after: 87.9 MB.

Unloading 12 unused Assets to reduce memory usage. Loaded Objects now: 2320.
Total: 2.610000 ms (FindLiveObjects: 0.239300 ms CreateObjectMapping: 0.121800 ms MarkObjects: 2.115300 ms  DeleteObjects: 0.131200 ms)

========================================================================
Received Prepare
Registering precompiled user dll's ...
Registered in 0.001060 seconds.
Begin MonoManager ReloadAssembly
Native extension for WindowsStandalone target not found
Native extension for WebGL target not found
Refreshing native plugins compatible for Editor in 0.52 ms, found 1 plugins.
Preloading 0 native plugins for Editor in 0.00 ms.
Invoked RoslynAnalysisRunner static constructor.
RoslynAnalysisRunner will not be running.
RoslynAnalysisRunner has terminated.
Mono: successfully reloaded assembly
- Completed reload, in  1.020 seconds
Platform modules already initialized, skipping
Refreshing native plugins compatible for Editor in 0.38 ms, found 1 plugins.
Preloading 0 native plugins for Editor in 0.00 ms.
Unloading 1802 Unused Serialized files (Serialized files now loaded: 0)
System memory in use before: 87.9 MB.
System memory in use after: 87.9 MB.

Unloading 12 unused Assets to reduce memory usage. Loaded Objects now: 2324.
Total: 2.335000 ms (FindLiveObjects: 0.266100 ms CreateObjectMapping: 0.060000 ms MarkObjects: 1.886000 ms  DeleteObjects: 0.121400 ms)

========================================================================
Received Prepare
Registering precompiled user dll's ...
Registered in 0.001210 seconds.
Begin MonoManager ReloadAssembly
Native extension for WindowsStandalone target not found
Native extension for WebGL target not found
Refreshing native plugins compatible for Editor in 0.36 ms, found 1 plugins.
Preloading 0 native plugins for Editor in 0.00 ms.
Invoked RoslynAnalysisRunner static constructor.
RoslynAnalysisRunner will not be running.
RoslynAnalysisRunner has terminated.
Mono: successfully reloaded assembly
- Completed reload, in  0.989 seconds
Platform modules already initialized, skipping
Refreshing native plugins compatible for Editor in 0.40 ms, found 1 plugins.
Preloading 0 native plugins for Editor in 0.00 ms.
Unloading 1802 Unused Serialized files (Serialized files now loaded: 0)
System memory in use before: 87.9 MB.
System memory in use after: 87.9 MB.

Unloading 12 unused Assets to reduce memory usage. Loaded Objects now: 2328.
Total: 2.804700 ms (FindLiveObjects: 0.300800 ms CreateObjectMapping: 0.145800 ms MarkObjects: 2.228500 ms  DeleteObjects: 0.128200 ms)

========================================================================
Received Import Request.
  Time since last request: 814.225399 seconds.
  path: Assets/Sprites/bug.png
  artifactKey: Guid(a97c8d08677ecf34dabf38c374e6aacb) Importer(815301076,1909f56bfc062723c751e8b465ee728b)
Start importing Assets/Sprites/bug.png using Guid(a97c8d08677ecf34dabf38c374e6aacb) Importer(815301076,1909f56bfc062723c751e8b465ee728b)  -> (artifact id: '5805356763b596a44b82a4aa5ee2bba2') in 0.070405 seconds
  Import took 0.088289 seconds .

========================================================================
Received Import Request.
  Time since last request: 0.079902 seconds.
  path: Assets/Sprites/bug.png
  artifactKey: Guid(a97c8d08677ecf34dabf38c374e6aacb) Importer(815301076,1909f56bfc062723c751e8b465ee728b)
Start importing Assets/Sprites/bug.png using Guid(a97c8d08677ecf34dabf38c374e6aacb) Importer(815301076,1909f56bfc062723c751e8b465ee728b)  -> (artifact id: '5805356763b596a44b82a4aa5ee2bba2') in 0.011025 seconds
  Import took 0.014892 seconds .

========================================================================
Received Prepare
Registering precompiled user dll's ...
Registered in 0.001257 seconds.
Begin MonoManager ReloadAssembly
Native extension for WindowsStandalone target not found
Native extension for WebGL target not found
Refreshing native plugins compatible for Editor in 0.39 ms, found 1 plugins.
Preloading 0 native plugins for Editor in 0.00 ms.
Invoked RoslynAnalysisRunner static constructor.
RoslynAnalysisRunner will not be running.
RoslynAnalysisRunner has terminated.
Mono: successfully reloaded assembly
- Completed reload, in  1.041 seconds
Platform modules already initialized, skipping
Refreshing native plugins compatible for Editor in 0.41 ms, found 1 plugins.
Preloading 0 native plugins for Editor in 0.00 ms.
Unloading 1802 Unused Serialized files (Serialized files now loaded: 0)
System memory in use before: 87.9 MB.
System memory in use after: 87.9 MB.

Unloading 12 unused Assets to reduce memory usage. Loaded Objects now: 2333.
Total: 2.517700 ms (FindLiveObjects: 0.310000 ms CreateObjectMapping: 0.125900 ms MarkObjects: 1.956700 ms  DeleteObjects: 0.120800 ms)

========================================================================
Received Import Request.
  Time since last request: 28.196499 seconds.
  path: Assets/Sprites/bug.png
  artifactKey: Guid(a97c8d08677ecf34dabf38c374e6aacb) Importer(815301076,1909f56bfc062723c751e8b465ee728b)
Start importing Assets/Sprites/bug.png using Guid(a97c8d08677ecf34dabf38c374e6aacb) Importer(815301076,1909f56bfc062723c751e8b465ee728b)  -> (artifact id: '627c32f06bfaeaffcd60c86a80ccc4cd') in 0.054093 seconds
  Import took 0.102964 seconds .

========================================================================
Received Prepare
Registering precompiled user dll's ...
Registered in 0.001112 seconds.
Begin MonoManager ReloadAssembly
Native extension for WindowsStandalone target not found
Native extension for WebGL target not found
Refreshing native plugins compatible for Editor in 0.43 ms, found 1 plugins.
Preloading 0 native plugins for Editor in 0.00 ms.
Invoked RoslynAnalysisRunner static constructor.
RoslynAnalysisRunner will not be running.
RoslynAnalysisRunner has terminated.
Mono: successfully reloaded assembly
- Completed reload, in  1.021 seconds
Platform modules already initialized, skipping
Refreshing native plugins compatible for Editor in 0.56 ms, found 1 plugins.
Preloading 0 native plugins for Editor in 0.00 ms.
Unloading 1802 Unused Serialized files (Serialized files now loaded: 0)
System memory in use before: 87.9 MB.
System memory in use after: 87.9 MB.

Unloading 12 unused Assets to reduce memory usage. Loaded Objects now: 2338.
Total: 2.229300 ms (FindLiveObjects: 0.206500 ms CreateObjectMapping: 0.070700 ms MarkObjects: 1.820700 ms  DeleteObjects: 0.130100 ms)

AssetImportWorkerClient::OnTransportError - code=2 error=End of file
