Using pre-set license
Built from '2020.3/staging' branch; Version is '2020.3.0f1 (c7b5465681fb) revision 13088070'; Using compiler version '192528614'; Build Type 'Release'
OS: 'Windows 10 Home; OS build 19042.867; Version 2009; 64bit' Language: 'en' Physical Memory: 8107 MB
BatchMode: 1, IsHumanControllingUs: 0, StartBugReporterOnCrash: 0, Is64bit: 1, IsPro: 0

 COMMAND LINE ARGUMENTS:
C:\Program Files\Unity\Hub\Editor\2020.3.0f1\Editor\Unity.exe
-adb2
-batchMode
-noUpm
-name
AssetImportWorker0
-projectPath
C:/Users/big_b/Desktop/Reposotories/RolyPoly/RolyPoly
-logFile
Logs/AssetImportWorker0.log
-srvPort
56160
Successfully changed project path to: C:/Users/big_b/Desktop/Reposotories/RolyPoly/RolyPoly
C:/Users/big_b/Desktop/Reposotories/RolyPoly/RolyPoly
Using Asset Import Pipeline V2.
Refreshing native plugins compatible for Editor in 38.72 ms, found 1 plugins.
Preloading 0 native plugins for Editor in 0.00 ms.
Initialize engine version: 2020.3.0f1 (c7b5465681fb)
[Subsystems] Discovering subsystems at path C:/Program Files/Unity/Hub/Editor/2020.3.0f1/Editor/Data/Resources/UnitySubsystems
[Subsystems] Discovering subsystems at path C:/Users/big_b/Desktop/Reposotories/RolyPoly/RolyPoly/Assets
GfxDevice: creating device client; threaded=0
Direct3D:
    Version:  Direct3D 11.0 [level 11.0]
    Renderer: NVIDIA GeForce GTX 950M (ID=0x139a)
    Vendor:   
    VRAM:     2010 MB
    Driver:   26.21.14.4187
Initialize mono
Mono path[0] = 'C:/Program Files/Unity/Hub/Editor/2020.3.0f1/Editor/Data/Managed'
Mono path[1] = 'C:/Program Files/Unity/Hub/Editor/2020.3.0f1/Editor/Data/MonoBleedingEdge/lib/mono/unityjit'
Mono config path = 'C:/Program Files/Unity/Hub/Editor/2020.3.0f1/Editor/Data/MonoBleedingEdge/etc'
Using monoOptions --debugger-agent=transport=dt_socket,embedding=1,server=y,suspend=n,address=127.0.0.1:56904
Begin MonoManager ReloadAssembly
Registering precompiled unity dll's ...
Register platform support module: C:/Program Files/Unity/Hub/Editor/2020.3.0f1/Editor/Data/PlaybackEngines/WebGLSupport/UnityEditor.WebGL.Extensions.dll
Register platform support module: C:/Program Files/Unity/Hub/Editor/2020.3.0f1/Editor/Data/PlaybackEngines/WindowsStandaloneSupport/UnityEditor.WindowsStandalone.Extensions.dll
Registered in 0.002718 seconds.
Native extension for WindowsStandalone target not found
Native extension for WebGL target not found
Refreshing native plugins compatible for Editor in 46.88 ms, found 1 plugins.
Preloading 0 native plugins for Editor in 0.00 ms.
Invoked RoslynAnalysisRunner static constructor.
RoslynAnalysisRunner will not be running.
RoslynAnalysisRunner has terminated.
Mono: successfully reloaded assembly
- Completed reload, in  2.297 seconds
Platform modules already initialized, skipping
Registering precompiled user dll's ...
Registered in 0.001118 seconds.
Begin MonoManager ReloadAssembly
Native extension for WindowsStandalone target not found
Native extension for WebGL target not found
Refreshing native plugins compatible for Editor in 42.98 ms, found 1 plugins.
Preloading 0 native plugins for Editor in 0.00 ms.
Invoked RoslynAnalysisRunner static constructor.
RoslynAnalysisRunner will not be running.
RoslynAnalysisRunner has terminated.
Mono: successfully reloaded assembly
- Completed reload, in  1.234 seconds
Platform modules already initialized, skipping
========================================================================
Worker process is ready to serve import requests
Launched and connected shader compiler UnityShaderCompiler.exe after 0.05 seconds
Refreshing native plugins compatible for Editor in 0.40 ms, found 1 plugins.
Preloading 0 native plugins for Editor in 0.00 ms.
Unloading 1807 Unused Serialized files (Serialized files now loaded: 0)
System memory in use before: 84.6 MB.
System memory in use after: 84.5 MB.

Unloading 24 unused Assets to reduce memory usage. Loaded Objects now: 2249.
Total: 2.654300 ms (FindLiveObjects: 0.239900 ms CreateObjectMapping: 0.078800 ms MarkObjects: 2.198000 ms  DeleteObjects: 0.136600 ms)

========================================================================
Received Import Request.
  path: Assets/Sprites/bug.png
  artifactKey: Guid(a97c8d08677ecf34dabf38c374e6aacb) Importer(815301076,1909f56bfc062723c751e8b465ee728b)
Start importing Assets/Sprites/bug.png using Guid(a97c8d08677ecf34dabf38c374e6aacb) Importer(815301076,1909f56bfc062723c751e8b465ee728b)  -> (artifact id: '54c370603931867da31132ed564ea533') in 1.366644 seconds
  Import took 1.410846 seconds .

========================================================================
Received Import Request.
  Time since last request: 1273.270636 seconds.
  path: Assets/Sprites/bigCorner4.png
  artifactKey: Guid(fe2e6b7dfe589964c92b48541ffecb21) Importer(815301076,1909f56bfc062723c751e8b465ee728b)
Start importing Assets/Sprites/bigCorner4.png using Guid(fe2e6b7dfe589964c92b48541ffecb21) Importer(815301076,1909f56bfc062723c751e8b465ee728b)  -> (artifact id: '97faffb1f4c617f7bf432ca27e46db69') in 0.025583 seconds
  Import took 0.030447 seconds .

========================================================================
Received Import Request.
  Time since last request: 0.000236 seconds.
  path: Assets/Sprites/corner4.png
  artifactKey: Guid(80918c3f90fd7cb4681883fd56e49af0) Importer(815301076,1909f56bfc062723c751e8b465ee728b)
Start importing Assets/Sprites/corner4.png using Guid(80918c3f90fd7cb4681883fd56e49af0) Importer(815301076,1909f56bfc062723c751e8b465ee728b)  -> (artifact id: '78cc95c04f9443dffb4c7c7d6b9eae18') in 0.024555 seconds
  Import took 0.028324 seconds .

========================================================================
Received Import Request.
  Time since last request: 0.000234 seconds.
  path: Assets/Sprites/wallBottom.png
  artifactKey: Guid(38b1de810835ec749aa19d0f87c4264a) Importer(815301076,1909f56bfc062723c751e8b465ee728b)
Start importing Assets/Sprites/wallBottom.png using Guid(38b1de810835ec749aa19d0f87c4264a) Importer(815301076,1909f56bfc062723c751e8b465ee728b)  -> (artifact id: 'c209cf94964847eb415074fa652e3913') in 0.025609 seconds
  Import took 0.032775 seconds .

========================================================================
Received Import Request.
  Time since last request: 0.000369 seconds.
  path: Assets/Sprites/platformRight.png
  artifactKey: Guid(7aa539c6e41681647816143f2ea207bd) Importer(815301076,1909f56bfc062723c751e8b465ee728b)
Start importing Assets/Sprites/platformRight.png using Guid(7aa539c6e41681647816143f2ea207bd) Importer(815301076,1909f56bfc062723c751e8b465ee728b)  -> (artifact id: '18f99425916d96a7a174f71140bbfb47') in 0.034514 seconds
  Import took 0.042033 seconds .

========================================================================
Received Import Request.
  Time since last request: 0.000313 seconds.
  path: Assets/Sprites/wallMiddle.png
  artifactKey: Guid(491ac12e3c5015f4dab656f364f66260) Importer(815301076,1909f56bfc062723c751e8b465ee728b)
Start importing Assets/Sprites/wallMiddle.png using Guid(491ac12e3c5015f4dab656f364f66260) Importer(815301076,1909f56bfc062723c751e8b465ee728b)  -> (artifact id: '000fc242eb21d18ead63abf019b5fb40') in 0.041998 seconds
  Import took 0.049914 seconds .

========================================================================
Received Import Request.
  Time since last request: 0.000311 seconds.
  path: Assets/Sprites/platformLeft.png
  artifactKey: Guid(534596963617e1447a428de4b65895a5) Importer(815301076,1909f56bfc062723c751e8b465ee728b)
Start importing Assets/Sprites/platformLeft.png using Guid(534596963617e1447a428de4b65895a5) Importer(815301076,1909f56bfc062723c751e8b465ee728b)  -> (artifact id: '7f04f02e2af3a8fb6a29e38f496dc0cf') in 0.031452 seconds
  Import took 0.039253 seconds .

========================================================================
Received Import Request.
  Time since last request: 0.000298 seconds.
  path: Assets/Sprites/wallTop.png
  artifactKey: Guid(c3d044e38d3a81b4687c67ae190a9d93) Importer(815301076,1909f56bfc062723c751e8b465ee728b)
Start importing Assets/Sprites/wallTop.png using Guid(c3d044e38d3a81b4687c67ae190a9d93) Importer(815301076,1909f56bfc062723c751e8b465ee728b)  -> (artifact id: '9cefa3e106b8037f209967e25b6b87da') in 0.032025 seconds
  Import took 0.036161 seconds .

========================================================================
Received Import Request.
  Time since last request: 0.000224 seconds.
  path: Assets/Sprites/corner1.png
  artifactKey: Guid(5e27fc50b27cc2f4393838530e6f44b9) Importer(815301076,1909f56bfc062723c751e8b465ee728b)
Start importing Assets/Sprites/corner1.png using Guid(5e27fc50b27cc2f4393838530e6f44b9) Importer(815301076,1909f56bfc062723c751e8b465ee728b)  -> (artifact id: '0dc91f92e105776cf52bd5284486d826') in 0.025385 seconds
  Import took 0.040885 seconds .

========================================================================
Received Import Request.
  Time since last request: 0.000272 seconds.
  path: Assets/Sprites/bigCorner4.png
  artifactKey: Guid(fe2e6b7dfe589964c92b48541ffecb21) Importer(815301076,1909f56bfc062723c751e8b465ee728b)
Start importing Assets/Sprites/bigCorner4.png using Guid(fe2e6b7dfe589964c92b48541ffecb21) Importer(815301076,1909f56bfc062723c751e8b465ee728b)  -> (artifact id: '97faffb1f4c617f7bf432ca27e46db69') in 0.010651 seconds
  Import took 0.014783 seconds .

========================================================================
Received Import Request.
  Time since last request: 0.000210 seconds.
  path: Assets/Sprites/corner1.png
  artifactKey: Guid(5e27fc50b27cc2f4393838530e6f44b9) Importer(815301076,1909f56bfc062723c751e8b465ee728b)
Start importing Assets/Sprites/corner1.png using Guid(5e27fc50b27cc2f4393838530e6f44b9) Importer(815301076,1909f56bfc062723c751e8b465ee728b)  -> (artifact id: '0dc91f92e105776cf52bd5284486d826') in 0.010083 seconds
  Import took 0.013311 seconds .

========================================================================
Received Import Request.
  Time since last request: 0.000212 seconds.
  path: Assets/Sprites/platform.png
  artifactKey: Guid(371081d875a7da4448fec37afa0f3200) Importer(815301076,1909f56bfc062723c751e8b465ee728b)
Start importing Assets/Sprites/platform.png using Guid(371081d875a7da4448fec37afa0f3200) Importer(815301076,1909f56bfc062723c751e8b465ee728b)  -> (artifact id: 'e60abc8a5c51f14c26e76b834929bc6b') in 0.017269 seconds
  Import took 0.020421 seconds .

========================================================================
Received Import Request.
  Time since last request: 0.000252 seconds.
  path: Assets/Sprites/platformMiddle.png
  artifactKey: Guid(88d80763a0216254093dedfd7fa0037e) Importer(815301076,1909f56bfc062723c751e8b465ee728b)
Start importing Assets/Sprites/platformMiddle.png using Guid(88d80763a0216254093dedfd7fa0037e) Importer(815301076,1909f56bfc062723c751e8b465ee728b)  -> (artifact id: '7ccc7c07b0315869d290301797d8a4c8') in 0.017217 seconds
  Import took 0.020015 seconds .

========================================================================
Received Import Request.
  Time since last request: 0.000210 seconds.
  path: Assets/Sprites/corner2.png
  artifactKey: Guid(161123282ac06dd48bae241a8bfa2357) Importer(815301076,1909f56bfc062723c751e8b465ee728b)
Start importing Assets/Sprites/corner2.png using Guid(161123282ac06dd48bae241a8bfa2357) Importer(815301076,1909f56bfc062723c751e8b465ee728b)  -> (artifact id: '5855cda0a6df87319d52ed697bbe7bfc') in 0.016210 seconds
  Import took 0.018985 seconds .

========================================================================
Received Import Request.
  Time since last request: 0.000208 seconds.
  path: Assets/Sprites/corner3.png
  artifactKey: Guid(63b3826c9c858da44921ede36081249d) Importer(815301076,1909f56bfc062723c751e8b465ee728b)
Start importing Assets/Sprites/corner3.png using Guid(63b3826c9c858da44921ede36081249d) Importer(815301076,1909f56bfc062723c751e8b465ee728b)  -> (artifact id: 'b56ed70034d7c51fb9f1e370760abfac') in 0.016985 seconds
  Import took 0.019853 seconds .

========================================================================
Received Import Request.
  Time since last request: 0.839030 seconds.
  path: Assets/Sprites/bigCorner1.png
  artifactKey: Guid(bdc294beacd8b8d4dadfc9ba5ebf15ff) Importer(815301076,1909f56bfc062723c751e8b465ee728b)
Start importing Assets/Sprites/bigCorner1.png using Guid(bdc294beacd8b8d4dadfc9ba5ebf15ff) Importer(815301076,1909f56bfc062723c751e8b465ee728b)  -> (artifact id: 'ce4a6f5c112bd7fe7070d500ff0755d8') in 0.046821 seconds
  Import took 0.051375 seconds .

========================================================================
Received Import Request.
  Time since last request: 0.000395 seconds.
  path: Assets/Sprites/bigCorner3.png
  artifactKey: Guid(497d3fb74715fc146990088561d84444) Importer(815301076,1909f56bfc062723c751e8b465ee728b)
Start importing Assets/Sprites/bigCorner3.png using Guid(497d3fb74715fc146990088561d84444) Importer(815301076,1909f56bfc062723c751e8b465ee728b)  -> (artifact id: '2f37250dceb8cd73705183f67ac595b8') in 0.040109 seconds
  Import took 0.052374 seconds .

========================================================================
Received Import Request.
  Time since last request: 0.000961 seconds.
  path: Assets/Sprites/bigCorner1.png
  artifactKey: Guid(bdc294beacd8b8d4dadfc9ba5ebf15ff) Importer(815301076,1909f56bfc062723c751e8b465ee728b)
Start importing Assets/Sprites/bigCorner1.png using Guid(bdc294beacd8b8d4dadfc9ba5ebf15ff) Importer(815301076,1909f56bfc062723c751e8b465ee728b)  -> (artifact id: 'ce4a6f5c112bd7fe7070d500ff0755d8') in 0.033183 seconds
  Import took 0.042321 seconds .

========================================================================
Received Import Request.
  Time since last request: 0.000254 seconds.
  path: Assets/Sprites/bigCorner2.png
  artifactKey: Guid(f73e6c97ea3b0744a84b9610be158e3b) Importer(815301076,1909f56bfc062723c751e8b465ee728b)
Start importing Assets/Sprites/bigCorner2.png using Guid(f73e6c97ea3b0744a84b9610be158e3b) Importer(815301076,1909f56bfc062723c751e8b465ee728b)  -> (artifact id: '2bd94d94e9f7f8953483ca4c0775f84d') in 0.042385 seconds
  Import took 0.046879 seconds .

========================================================================
Received Import Request.
  Time since last request: 27.106059 seconds.
  path: Assets/Sprites/bigCorner1.png
  artifactKey: Guid(bdc294beacd8b8d4dadfc9ba5ebf15ff) Importer(815301076,1909f56bfc062723c751e8b465ee728b)
Start importing Assets/Sprites/bigCorner1.png using Guid(bdc294beacd8b8d4dadfc9ba5ebf15ff) Importer(815301076,1909f56bfc062723c751e8b465ee728b)  -> (artifact id: '57d5ec11c3fb871dfb9bebb4e6a17952') in 0.016902 seconds
  Import took 0.020667 seconds .

========================================================================
Received Import Request.
  Time since last request: 0.000287 seconds.
  path: Assets/Sprites/bigCorner3.png
  artifactKey: Guid(497d3fb74715fc146990088561d84444) Importer(815301076,1909f56bfc062723c751e8b465ee728b)
Start importing Assets/Sprites/bigCorner3.png using Guid(497d3fb74715fc146990088561d84444) Importer(815301076,1909f56bfc062723c751e8b465ee728b)  -> (artifact id: 'b7a50da52a1aff8fdb44af2d4013b164') in 0.019613 seconds
  Import took 0.042885 seconds .

========================================================================
Received Import Request.
  Time since last request: 0.000299 seconds.
  path: Assets/Sprites/bigCorner2.png
  artifactKey: Guid(f73e6c97ea3b0744a84b9610be158e3b) Importer(815301076,1909f56bfc062723c751e8b465ee728b)
Start importing Assets/Sprites/bigCorner2.png using Guid(f73e6c97ea3b0744a84b9610be158e3b) Importer(815301076,1909f56bfc062723c751e8b465ee728b)  -> (artifact id: '69d627334597053884776594f2d2385a') in 0.026752 seconds
  Import took 0.032869 seconds .

========================================================================
Received Import Request.
  Time since last request: 0.000259 seconds.
  path: Assets/Sprites/bigCorner4.png
  artifactKey: Guid(fe2e6b7dfe589964c92b48541ffecb21) Importer(815301076,1909f56bfc062723c751e8b465ee728b)
Start importing Assets/Sprites/bigCorner4.png using Guid(fe2e6b7dfe589964c92b48541ffecb21) Importer(815301076,1909f56bfc062723c751e8b465ee728b)  -> (artifact id: '76f3cd530f982ed059849878f0021608') in 0.019929 seconds
  Import took 0.025797 seconds .

========================================================================
Received Import Request.
  Time since last request: 16.991946 seconds.
  path: Assets/Sprites/corner1.png
  artifactKey: Guid(5e27fc50b27cc2f4393838530e6f44b9) Importer(815301076,1909f56bfc062723c751e8b465ee728b)
Start importing Assets/Sprites/corner1.png using Guid(5e27fc50b27cc2f4393838530e6f44b9) Importer(815301076,1909f56bfc062723c751e8b465ee728b)  -> (artifact id: '49fe8517be755d31ad046693128ce6bb') in 0.016919 seconds
  Import took 0.021390 seconds .

========================================================================
Received Import Request.
  Time since last request: 0.000227 seconds.
  path: Assets/Sprites/corner4.png
  artifactKey: Guid(80918c3f90fd7cb4681883fd56e49af0) Importer(815301076,1909f56bfc062723c751e8b465ee728b)
Start importing Assets/Sprites/corner4.png using Guid(80918c3f90fd7cb4681883fd56e49af0) Importer(815301076,1909f56bfc062723c751e8b465ee728b)  -> (artifact id: '90b5adc3e95df5e2a13370abdadfb9fa') in 0.024703 seconds
  Import took 0.039027 seconds .

========================================================================
Received Import Request.
  Time since last request: 0.000221 seconds.
  path: Assets/Sprites/wall.png
  artifactKey: Guid(ee6bdb1813b710c4ab29d91ff1ae6a78) Importer(815301076,1909f56bfc062723c751e8b465ee728b)
Start importing Assets/Sprites/wall.png using Guid(ee6bdb1813b710c4ab29d91ff1ae6a78) Importer(815301076,1909f56bfc062723c751e8b465ee728b)  -> (artifact id: 'd1f84fc83e362c9dd5fc8175bbd2f818') in 0.025222 seconds
  Import took 0.029345 seconds .

========================================================================
Received Import Request.
  Time since last request: 0.000660 seconds.
  path: Assets/Sprites/wallBottom.png
  artifactKey: Guid(38b1de810835ec749aa19d0f87c4264a) Importer(815301076,1909f56bfc062723c751e8b465ee728b)
Start importing Assets/Sprites/wallBottom.png using Guid(38b1de810835ec749aa19d0f87c4264a) Importer(815301076,1909f56bfc062723c751e8b465ee728b)  -> (artifact id: 'd215dece61c6f6cefa3ac0b34b534ac9') in 0.016111 seconds
  Import took 0.019604 seconds .

========================================================================
Received Import Request.
  Time since last request: 0.000229 seconds.
  path: Assets/Sprites/ground.png
  artifactKey: Guid(cb70e1e97cda77b41bf9e865337d7d6d) Importer(815301076,1909f56bfc062723c751e8b465ee728b)
Start importing Assets/Sprites/ground.png using Guid(cb70e1e97cda77b41bf9e865337d7d6d) Importer(815301076,1909f56bfc062723c751e8b465ee728b)  -> (artifact id: 'a0a2a1d10e9a659712d88098a39bae8f') in 0.023110 seconds
  Import took 0.035081 seconds .

========================================================================
Received Import Request.
  Time since last request: 0.000245 seconds.
  path: Assets/Sprites/groundLeft.png
  artifactKey: Guid(e1740106b11d0a142bfb6d346453bf5c) Importer(815301076,1909f56bfc062723c751e8b465ee728b)
Start importing Assets/Sprites/groundLeft.png using Guid(e1740106b11d0a142bfb6d346453bf5c) Importer(815301076,1909f56bfc062723c751e8b465ee728b)  -> (artifact id: 'f1c7d3f37aaeeb666203118a2309789c') in 0.029252 seconds
  Import took 0.032646 seconds .

========================================================================
Received Import Request.
  Time since last request: 0.000216 seconds.
  path: Assets/Sprites/platformRight.png
  artifactKey: Guid(7aa539c6e41681647816143f2ea207bd) Importer(815301076,1909f56bfc062723c751e8b465ee728b)
Start importing Assets/Sprites/platformRight.png using Guid(7aa539c6e41681647816143f2ea207bd) Importer(815301076,1909f56bfc062723c751e8b465ee728b)  -> (artifact id: '97bb604f65aa87cd52082ec310d54b42') in 0.018497 seconds
  Import took 0.021800 seconds .

========================================================================
Received Import Request.
  Time since last request: 0.000332 seconds.
  path: Assets/Sprites/wallMiddle.png
  artifactKey: Guid(491ac12e3c5015f4dab656f364f66260) Importer(815301076,1909f56bfc062723c751e8b465ee728b)
Start importing Assets/Sprites/wallMiddle.png using Guid(491ac12e3c5015f4dab656f364f66260) Importer(815301076,1909f56bfc062723c751e8b465ee728b)  -> (artifact id: '68588c013828aa8659654b2da1250957') in 0.025002 seconds
  Import took 0.029958 seconds .

========================================================================
Received Import Request.
  Time since last request: 0.000358 seconds.
  path: Assets/Sprites/platformLeft.png
  artifactKey: Guid(534596963617e1447a428de4b65895a5) Importer(815301076,1909f56bfc062723c751e8b465ee728b)
Start importing Assets/Sprites/platformLeft.png using Guid(534596963617e1447a428de4b65895a5) Importer(815301076,1909f56bfc062723c751e8b465ee728b)  -> (artifact id: '5776d5bc732424b8067d509e15f9aaaf') in 0.035195 seconds
  Import took 0.039553 seconds .

========================================================================
Received Import Request.
  Time since last request: 0.000347 seconds.
  path: Assets/Sprites/wallTop.png
  artifactKey: Guid(c3d044e38d3a81b4687c67ae190a9d93) Importer(815301076,1909f56bfc062723c751e8b465ee728b)
Start importing Assets/Sprites/wallTop.png using Guid(c3d044e38d3a81b4687c67ae190a9d93) Importer(815301076,1909f56bfc062723c751e8b465ee728b)  -> (artifact id: '74eba1577e9cfd016da70f5b6a8f8ea2') in 0.021499 seconds
  Import took 0.026536 seconds .

========================================================================
Received Import Request.
  Time since last request: 0.000302 seconds.
  path: Assets/Sprites/groundRight.png
  artifactKey: Guid(dae7a836da1be8147b3b5a0e288ca8b0) Importer(815301076,1909f56bfc062723c751e8b465ee728b)
Start importing Assets/Sprites/groundRight.png using Guid(dae7a836da1be8147b3b5a0e288ca8b0) Importer(815301076,1909f56bfc062723c751e8b465ee728b)  -> (artifact id: '9b10ad57cac53cef6a514ff3f2c0206a') in 0.030859 seconds
  Import took 0.035669 seconds .

========================================================================
Received Import Request.
  Time since last request: 0.000222 seconds.
  path: Assets/Sprites/groudDown.png
  artifactKey: Guid(266ee5cf75776524eb2d72f63a152236) Importer(815301076,1909f56bfc062723c751e8b465ee728b)
Start importing Assets/Sprites/groudDown.png using Guid(266ee5cf75776524eb2d72f63a152236) Importer(815301076,1909f56bfc062723c751e8b465ee728b)  -> (artifact id: 'ef95f5b04b22ec7b268207205f5cec61') in 0.031546 seconds
  Import took 0.035135 seconds .

========================================================================
Received Import Request.
  Time since last request: 0.000285 seconds.
  path: Assets/Sprites/platform.png
  artifactKey: Guid(371081d875a7da4448fec37afa0f3200) Importer(815301076,1909f56bfc062723c751e8b465ee728b)
Start importing Assets/Sprites/platform.png using Guid(371081d875a7da4448fec37afa0f3200) Importer(815301076,1909f56bfc062723c751e8b465ee728b)  -> (artifact id: 'becd43d39fc2a0d9b5701e5e94d7d606') in 0.030446 seconds
  Import took 0.037416 seconds .

========================================================================
Received Import Request.
  Time since last request: 0.000264 seconds.
  path: Assets/Sprites/platformMiddle.png
  artifactKey: Guid(88d80763a0216254093dedfd7fa0037e) Importer(815301076,1909f56bfc062723c751e8b465ee728b)
Start importing Assets/Sprites/platformMiddle.png using Guid(88d80763a0216254093dedfd7fa0037e) Importer(815301076,1909f56bfc062723c751e8b465ee728b)  -> (artifact id: '1b3641c68f55fd3ae698c618626339d1') in 0.039108 seconds
  Import took 0.043005 seconds .

========================================================================
Received Import Request.
  Time since last request: 0.000261 seconds.
  path: Assets/Sprites/groundUp.png
  artifactKey: Guid(43359112814635b4fbb8cf0c374c2148) Importer(815301076,1909f56bfc062723c751e8b465ee728b)
Start importing Assets/Sprites/groundUp.png using Guid(43359112814635b4fbb8cf0c374c2148) Importer(815301076,1909f56bfc062723c751e8b465ee728b)  -> (artifact id: 'cdb0f3058283f3fd8d924142cff5eae9') in 0.052613 seconds
  Import took 0.056642 seconds .

========================================================================
Received Import Request.
  Time since last request: 0.000311 seconds.
  path: Assets/Sprites/corner2.png
  artifactKey: Guid(161123282ac06dd48bae241a8bfa2357) Importer(815301076,1909f56bfc062723c751e8b465ee728b)
Start importing Assets/Sprites/corner2.png using Guid(161123282ac06dd48bae241a8bfa2357) Importer(815301076,1909f56bfc062723c751e8b465ee728b)  -> (artifact id: 'd34e682c71c3c9fbe6515b139faabc1d') in 0.023398 seconds
  Import took 0.027579 seconds .

========================================================================
Received Import Request.
  Time since last request: 0.000269 seconds.
  path: Assets/Sprites/corner3.png
  artifactKey: Guid(63b3826c9c858da44921ede36081249d) Importer(815301076,1909f56bfc062723c751e8b465ee728b)
Start importing Assets/Sprites/corner3.png using Guid(63b3826c9c858da44921ede36081249d) Importer(815301076,1909f56bfc062723c751e8b465ee728b)  -> (artifact id: '54912ed2e04259cb30915c51c4caf340') in 0.019458 seconds
  Import took 0.024850 seconds .

========================================================================
Received Import Request.
  Time since last request: 112.754001 seconds.
  path: Assets/Sprites/bigCorner2.asset
  artifactKey: Guid(66327aa833b3de84c99b529fbe544228) Importer(815301076,1909f56bfc062723c751e8b465ee728b)
Start importing Assets/Sprites/bigCorner2.asset using Guid(66327aa833b3de84c99b529fbe544228) Importer(815301076,1909f56bfc062723c751e8b465ee728b)  -> (artifact id: '7d4baa28d31f8991c9649415da7304e4') in 0.038356 seconds
  Import took 0.042759 seconds .

========================================================================
Received Import Request.
  Time since last request: 535.684236 seconds.
  path: Assets/Sprites/background.png
  artifactKey: Guid(74c64599de13dc646b59828889270e29) Importer(815301076,1909f56bfc062723c751e8b465ee728b)
Start importing Assets/Sprites/background.png using Guid(74c64599de13dc646b59828889270e29) Importer(815301076,1909f56bfc062723c751e8b465ee728b)  -> (artifact id: 'ebeb648568dfb2ecb9eb4e7fe16a3cc1') in 0.032202 seconds
  Import took 0.037740 seconds .

========================================================================
Received Import Request.
  Time since last request: 186.471145 seconds.
  path: Assets/Sprites/background.png
  artifactKey: Guid(74c64599de13dc646b59828889270e29) Importer(815301076,1909f56bfc062723c751e8b465ee728b)
Start importing Assets/Sprites/background.png using Guid(74c64599de13dc646b59828889270e29) Importer(815301076,1909f56bfc062723c751e8b465ee728b)  -> (artifact id: '2eb527ce776b6fe2f31fbcc8e352d380') in 0.014280 seconds
  Import took 0.018335 seconds .

========================================================================
Received Import Request.
  Time since last request: 16.924549 seconds.
  path: Assets/Sprites/background.png
  artifactKey: Guid(74c64599de13dc646b59828889270e29) Importer(815301076,1909f56bfc062723c751e8b465ee728b)
Start importing Assets/Sprites/background.png using Guid(74c64599de13dc646b59828889270e29) Importer(815301076,1909f56bfc062723c751e8b465ee728b)  -> (artifact id: '84822e0e9fc23eab7a8511c8d2a2f941') in 0.014615 seconds
  Import took 0.018571 seconds .

========================================================================
Received Prepare
Registering precompiled user dll's ...
Registered in 0.001337 seconds.
Begin MonoManager ReloadAssembly
Native extension for WindowsStandalone target not found
Native extension for WebGL target not found
Refreshing native plugins compatible for Editor in 0.96 ms, found 1 plugins.
Preloading 0 native plugins for Editor in 0.00 ms.
Invoked RoslynAnalysisRunner static constructor.
RoslynAnalysisRunner will not be running.
RoslynAnalysisRunner has terminated.
Mono: successfully reloaded assembly
- Completed reload, in  1.466 seconds
Platform modules already initialized, skipping
Refreshing native plugins compatible for Editor in 0.41 ms, found 1 plugins.
Preloading 0 native plugins for Editor in 0.00 ms.
Unloading 1802 Unused Serialized files (Serialized files now loaded: 0)
System memory in use before: 87.7 MB.
System memory in use after: 87.7 MB.

Unloading 12 unused Assets to reduce memory usage. Loaded Objects now: 2263.
Total: 2.604600 ms (FindLiveObjects: 0.339900 ms CreateObjectMapping: 0.155400 ms MarkObjects: 1.985900 ms  DeleteObjects: 0.121900 ms)

========================================================================
Received Prepare
Registering precompiled user dll's ...
Registered in 0.000996 seconds.
Begin MonoManager ReloadAssembly
Native extension for WindowsStandalone target not found
Native extension for WebGL target not found
Refreshing native plugins compatible for Editor in 0.37 ms, found 1 plugins.
Preloading 0 native plugins for Editor in 0.00 ms.
Invoked RoslynAnalysisRunner static constructor.
RoslynAnalysisRunner will not be running.
RoslynAnalysisRunner has terminated.
Mono: successfully reloaded assembly
- Completed reload, in  1.040 seconds
Platform modules already initialized, skipping
Refreshing native plugins compatible for Editor in 0.43 ms, found 1 plugins.
Preloading 0 native plugins for Editor in 0.00 ms.
Unloading 1802 Unused Serialized files (Serialized files now loaded: 0)
System memory in use before: 87.7 MB.
System memory in use after: 87.7 MB.

Unloading 12 unused Assets to reduce memory usage. Loaded Objects now: 2267.
Total: 2.681200 ms (FindLiveObjects: 0.376600 ms CreateObjectMapping: 0.182500 ms MarkObjects: 1.990400 ms  DeleteObjects: 0.129500 ms)

========================================================================
Received Import Request.
  Time since last request: 1958.938063 seconds.
  path: Assets/Scripts/BugController.cs
  artifactKey: Guid(b541940525961f54cbe2e04a407d0034) Importer(815301076,1909f56bfc062723c751e8b465ee728b)
Start importing Assets/Scripts/BugController.cs using Guid(b541940525961f54cbe2e04a407d0034) Importer(815301076,1909f56bfc062723c751e8b465ee728b)  -> (artifact id: 'fce7594e3cd0bdb3a36b6b64f70a36cc') in 0.138612 seconds
  Import took 0.180422 seconds .

AssetImportWorkerClient::OnTransportError - code=2 error=End of file
